<?xml version="1.0" encoding="UTF-8"?>
<testng-results skipped="0" failed="0" ignored="0" total="1" passed="1">
  <reporter-output>
  </reporter-output>
  <suite name="Regression" duration-ms="3212" started-at="2020-03-23T10:17:20Z" finished-at="2020-03-23T10:17:23Z">
    <groups>
      <group name="cucumber">
        <method signature="AbstractTestNGCucumberTests.feature(cucumber.api.testng.CucumberFeatureWrapper)[pri:0, instance:utilities.Runner@5c3bd550]" name="feature" class="cucumber.api.testng.AbstractTestNGCucumberTests"/>
      </group> <!-- cucumber -->
    </groups>
    <test name="API Test" duration-ms="3212" started-at="2020-03-23T10:17:20Z" finished-at="2020-03-23T10:17:23Z">
      <class name="utilities.Runner">
        <test-method status="PASS" signature="setUpClass()[pri:0, instance:utilities.Runner@5c3bd550]" name="setUpClass" is-config="true" duration-ms="250" started-at="2020-03-23T15:47:20Z" finished-at="2020-03-23T15:47:20Z">
          <reporter-output>
          </reporter-output>
        </test-method> <!-- setUpClass -->
        <test-method status="PASS" signature="feature(cucumber.api.testng.CucumberFeatureWrapper)[pri:0, instance:utilities.Runner@5c3bd550]" name="feature" duration-ms="2869" started-at="2020-03-23T15:47:20Z" description="Runs Cucumber Feature" data-provider="features" finished-at="2020-03-23T15:47:23Z">
          <params>
            <param index="0">
              <value>
                <![CDATA[Just Demo]]>
              </value>
            </param>
          </params>
          <reporter-output>
          </reporter-output>
        </test-method> <!-- feature -->
        <test-method status="PASS" signature="tearDownClass()[pri:0, instance:utilities.Runner@5c3bd550]" name="tearDownClass" is-config="true" duration-ms="5" started-at="2020-03-23T15:47:23Z" finished-at="2020-03-23T15:47:23Z">
          <reporter-output>
          </reporter-output>
        </test-method> <!-- tearDownClass -->
      </class> <!-- utilities.Runner -->
    </test> <!-- API Test -->
  </suite> <!-- Regression -->
</testng-results>
